ERROR - 2023-07-28 01:25:09 --> Table 'cafein.pembelian' doesn't exist
CRITICAL - 2023-07-28 01:25:09 --> Table 'cafein.pembelian' doesn't exist
#0 C:\xampp\htdocs\cafein-master\system\Database\MySQLi\Connection.php(292): mysqli->query('SELECT *\nFROM `...', 0)
#1 C:\xampp\htdocs\cafein-master\system\Database\BaseConnection.php(670): CodeIgniter\Database\MySQLi\Connection->execute('SELECT *\nFROM `...')
#2 C:\xampp\htdocs\cafein-master\system\Database\BaseConnection.php(598): CodeIgniter\Database\BaseConnection->simpleQuery('SELECT *\nFROM `...')
#3 C:\xampp\htdocs\cafein-master\system\Database\BaseBuilder.php(1443): CodeIgniter\Database\BaseConnection->query('SELECT *\nFROM `...', Array, false)
#4 C:\xampp\htdocs\cafein-master\system\Model.php(183): CodeIgniter\Database\BaseBuilder->get()
#5 C:\xampp\htdocs\cafein-master\system\BaseModel.php(584): CodeIgniter\Model->doFindAll(0, 0)
#6 C:\xampp\htdocs\cafein-master\app\Controllers\Laporan.php(33): CodeIgniter\BaseModel->findAll()
#7 C:\xampp\htdocs\cafein-master\system\CodeIgniter.php(824): App\Controllers\Laporan->laporanSemua()
#8 C:\xampp\htdocs\cafein-master\system\CodeIgniter.php(410): CodeIgniter\CodeIgniter->runController(Object(App\Controllers\Laporan))
#9 C:\xampp\htdocs\cafein-master\system\CodeIgniter.php(318): CodeIgniter\CodeIgniter->handleRequest(NULL, Object(Config\Cache), false)
#10 C:\xampp\htdocs\cafein-master\index.php(37): CodeIgniter\CodeIgniter->run()
#11 {main}
ERROR - 2023-07-28 01:25:58 --> Table 'cafein.pembelian' doesn't exist
CRITICAL - 2023-07-28 01:25:58 --> Table 'cafein.pembelian' doesn't exist
#0 C:\xampp\htdocs\cafein-master\system\Database\MySQLi\Connection.php(292): mysqli->query('SELECT *\nFROM `...', 0)
#1 C:\xampp\htdocs\cafein-master\system\Database\BaseConnection.php(670): CodeIgniter\Database\MySQLi\Connection->execute('SELECT *\nFROM `...')
#2 C:\xampp\htdocs\cafein-master\system\Database\BaseConnection.php(598): CodeIgniter\Database\BaseConnection->simpleQuery('SELECT *\nFROM `...')
#3 C:\xampp\htdocs\cafein-master\system\Database\BaseBuilder.php(1443): CodeIgniter\Database\BaseConnection->query('SELECT *\nFROM `...', Array, false)
#4 C:\xampp\htdocs\cafein-master\system\Model.php(183): CodeIgniter\Database\BaseBuilder->get()
#5 C:\xampp\htdocs\cafein-master\system\BaseModel.php(584): CodeIgniter\Model->doFindAll(0, 0)
#6 C:\xampp\htdocs\cafein-master\app\Controllers\Laporan.php(33): CodeIgniter\BaseModel->findAll()
#7 C:\xampp\htdocs\cafein-master\system\CodeIgniter.php(824): App\Controllers\Laporan->laporanSemua()
#8 C:\xampp\htdocs\cafein-master\system\CodeIgniter.php(410): CodeIgniter\CodeIgniter->runController(Object(App\Controllers\Laporan))
#9 C:\xampp\htdocs\cafein-master\system\CodeIgniter.php(318): CodeIgniter\CodeIgniter->handleRequest(NULL, Object(Config\Cache), false)
#10 C:\xampp\htdocs\cafein-master\index.php(37): CodeIgniter\CodeIgniter->run()
#11 {main}
ERROR - 2023-07-28 01:26:13 --> Table 'cafein.pembelian' doesn't exist
CRITICAL - 2023-07-28 01:26:13 --> Table 'cafein.pembelian' doesn't exist
#0 C:\xampp\htdocs\cafein-master\system\Database\MySQLi\Connection.php(292): mysqli->query('SELECT *\nFROM `...', 0)
#1 C:\xampp\htdocs\cafein-master\system\Database\BaseConnection.php(670): CodeIgniter\Database\MySQLi\Connection->execute('SELECT *\nFROM `...')
#2 C:\xampp\htdocs\cafein-master\system\Database\BaseConnection.php(598): CodeIgniter\Database\BaseConnection->simpleQuery('SELECT *\nFROM `...')
#3 C:\xampp\htdocs\cafein-master\system\Database\BaseBuilder.php(1443): CodeIgniter\Database\BaseConnection->query('SELECT *\nFROM `...', Array, false)
#4 C:\xampp\htdocs\cafein-master\system\Model.php(183): CodeIgniter\Database\BaseBuilder->get()
#5 C:\xampp\htdocs\cafein-master\system\BaseModel.php(584): CodeIgniter\Model->doFindAll(0, 0)
#6 C:\xampp\htdocs\cafein-master\app\Controllers\Laporan.php(33): CodeIgniter\BaseModel->findAll()
#7 C:\xampp\htdocs\cafein-master\system\CodeIgniter.php(824): App\Controllers\Laporan->laporanSemua()
#8 C:\xampp\htdocs\cafein-master\system\CodeIgniter.php(410): CodeIgniter\CodeIgniter->runController(Object(App\Controllers\Laporan))
#9 C:\xampp\htdocs\cafein-master\system\CodeIgniter.php(318): CodeIgniter\CodeIgniter->handleRequest(NULL, Object(Config\Cache), false)
#10 C:\xampp\htdocs\cafein-master\index.php(37): CodeIgniter\CodeIgniter->run()
#11 {main}
ERROR - 2023-07-28 01:26:15 --> Table 'cafein.pembelian' doesn't exist
CRITICAL - 2023-07-28 01:26:15 --> Table 'cafein.pembelian' doesn't exist
#0 C:\xampp\htdocs\cafein-master\system\Database\MySQLi\Connection.php(292): mysqli->query('SELECT *\nFROM `...', 0)
#1 C:\xampp\htdocs\cafein-master\system\Database\BaseConnection.php(670): CodeIgniter\Database\MySQLi\Connection->execute('SELECT *\nFROM `...')
#2 C:\xampp\htdocs\cafein-master\system\Database\BaseConnection.php(598): CodeIgniter\Database\BaseConnection->simpleQuery('SELECT *\nFROM `...')
#3 C:\xampp\htdocs\cafein-master\system\Database\BaseBuilder.php(1443): CodeIgniter\Database\BaseConnection->query('SELECT *\nFROM `...', Array, false)
#4 C:\xampp\htdocs\cafein-master\system\Model.php(183): CodeIgniter\Database\BaseBuilder->get()
#5 C:\xampp\htdocs\cafein-master\system\BaseModel.php(584): CodeIgniter\Model->doFindAll(0, 0)
#6 C:\xampp\htdocs\cafein-master\app\Controllers\Laporan.php(33): CodeIgniter\BaseModel->findAll()
#7 C:\xampp\htdocs\cafein-master\system\CodeIgniter.php(824): App\Controllers\Laporan->laporanSemua()
#8 C:\xampp\htdocs\cafein-master\system\CodeIgniter.php(410): CodeIgniter\CodeIgniter->runController(Object(App\Controllers\Laporan))
#9 C:\xampp\htdocs\cafein-master\system\CodeIgniter.php(318): CodeIgniter\CodeIgniter->handleRequest(NULL, Object(Config\Cache), false)
#10 C:\xampp\htdocs\cafein-master\index.php(37): CodeIgniter\CodeIgniter->run()
#11 {main}
ERROR - 2023-07-28 01:26:19 --> Table 'cafein.pembelian' doesn't exist
CRITICAL - 2023-07-28 01:26:19 --> Table 'cafein.pembelian' doesn't exist
#0 C:\xampp\htdocs\cafein-master\system\Database\MySQLi\Connection.php(292): mysqli->query('SELECT *\nFROM `...', 0)
#1 C:\xampp\htdocs\cafein-master\system\Database\BaseConnection.php(670): CodeIgniter\Database\MySQLi\Connection->execute('SELECT *\nFROM `...')
#2 C:\xampp\htdocs\cafein-master\system\Database\BaseConnection.php(598): CodeIgniter\Database\BaseConnection->simpleQuery('SELECT *\nFROM `...')
#3 C:\xampp\htdocs\cafein-master\system\Database\BaseBuilder.php(1443): CodeIgniter\Database\BaseConnection->query('SELECT *\nFROM `...', Array, false)
#4 C:\xampp\htdocs\cafein-master\system\Model.php(183): CodeIgniter\Database\BaseBuilder->get()
#5 C:\xampp\htdocs\cafein-master\system\BaseModel.php(584): CodeIgniter\Model->doFindAll(0, 0)
#6 C:\xampp\htdocs\cafein-master\app\Controllers\Laporan.php(33): CodeIgniter\BaseModel->findAll()
#7 C:\xampp\htdocs\cafein-master\system\CodeIgniter.php(824): App\Controllers\Laporan->laporanSemua()
#8 C:\xampp\htdocs\cafein-master\system\CodeIgniter.php(410): CodeIgniter\CodeIgniter->runController(Object(App\Controllers\Laporan))
#9 C:\xampp\htdocs\cafein-master\system\CodeIgniter.php(318): CodeIgniter\CodeIgniter->handleRequest(NULL, Object(Config\Cache), false)
#10 C:\xampp\htdocs\cafein-master\index.php(37): CodeIgniter\CodeIgniter->run()
#11 {main}
ERROR - 2023-07-28 01:26:23 --> Table 'cafein.pembelian' doesn't exist
CRITICAL - 2023-07-28 01:26:23 --> Table 'cafein.pembelian' doesn't exist
#0 C:\xampp\htdocs\cafein-master\system\Database\MySQLi\Connection.php(292): mysqli->query('SELECT *\nFROM `...', 0)
#1 C:\xampp\htdocs\cafein-master\system\Database\BaseConnection.php(670): CodeIgniter\Database\MySQLi\Connection->execute('SELECT *\nFROM `...')
#2 C:\xampp\htdocs\cafein-master\system\Database\BaseConnection.php(598): CodeIgniter\Database\BaseConnection->simpleQuery('SELECT *\nFROM `...')
#3 C:\xampp\htdocs\cafein-master\system\Database\BaseBuilder.php(1443): CodeIgniter\Database\BaseConnection->query('SELECT *\nFROM `...', Array, false)
#4 C:\xampp\htdocs\cafein-master\system\Model.php(183): CodeIgniter\Database\BaseBuilder->get()
#5 C:\xampp\htdocs\cafein-master\system\BaseModel.php(584): CodeIgniter\Model->doFindAll(0, 0)
#6 C:\xampp\htdocs\cafein-master\app\Controllers\Laporan.php(33): CodeIgniter\BaseModel->findAll()
#7 C:\xampp\htdocs\cafein-master\system\CodeIgniter.php(824): App\Controllers\Laporan->laporanSemua()
#8 C:\xampp\htdocs\cafein-master\system\CodeIgniter.php(410): CodeIgniter\CodeIgniter->runController(Object(App\Controllers\Laporan))
#9 C:\xampp\htdocs\cafein-master\system\CodeIgniter.php(318): CodeIgniter\CodeIgniter->handleRequest(NULL, Object(Config\Cache), false)
#10 C:\xampp\htdocs\cafein-master\index.php(37): CodeIgniter\CodeIgniter->run()
#11 {main}
ERROR - 2023-07-28 01:26:25 --> Table 'cafein.pembelian' doesn't exist
CRITICAL - 2023-07-28 01:26:25 --> Table 'cafein.pembelian' doesn't exist
#0 C:\xampp\htdocs\cafein-master\system\Database\MySQLi\Connection.php(292): mysqli->query('SELECT *\nFROM `...', 0)
#1 C:\xampp\htdocs\cafein-master\system\Database\BaseConnection.php(670): CodeIgniter\Database\MySQLi\Connection->execute('SELECT *\nFROM `...')
#2 C:\xampp\htdocs\cafein-master\system\Database\BaseConnection.php(598): CodeIgniter\Database\BaseConnection->simpleQuery('SELECT *\nFROM `...')
#3 C:\xampp\htdocs\cafein-master\system\Database\BaseBuilder.php(1443): CodeIgniter\Database\BaseConnection->query('SELECT *\nFROM `...', Array, false)
#4 C:\xampp\htdocs\cafein-master\system\Model.php(183): CodeIgniter\Database\BaseBuilder->get()
#5 C:\xampp\htdocs\cafein-master\system\BaseModel.php(584): CodeIgniter\Model->doFindAll(0, 0)
#6 C:\xampp\htdocs\cafein-master\app\Controllers\Laporan.php(33): CodeIgniter\BaseModel->findAll()
#7 C:\xampp\htdocs\cafein-master\system\CodeIgniter.php(824): App\Controllers\Laporan->laporanSemua()
#8 C:\xampp\htdocs\cafein-master\system\CodeIgniter.php(410): CodeIgniter\CodeIgniter->runController(Object(App\Controllers\Laporan))
#9 C:\xampp\htdocs\cafein-master\system\CodeIgniter.php(318): CodeIgniter\CodeIgniter->handleRequest(NULL, Object(Config\Cache), false)
#10 C:\xampp\htdocs\cafein-master\index.php(37): CodeIgniter\CodeIgniter->run()
#11 {main}
CRITICAL - 2023-07-28 01:26:35 --> Undefined variable: totalTime
#0 C:\xampp\htdocs\cafein-master\system\Debug\Toolbar\Views\toolbar.tpl.php(40): CodeIgniter\Debug\Exceptions->errorHandler(8, 'Undefined varia...', 'C:\\xampp\\htdocs...', 40, Array)
#1 C:\xampp\htdocs\cafein-master\system\Debug\Toolbar.php(497): include('C:\\xampp\\htdocs...')
#2 C:\xampp\htdocs\cafein-master\system\Debug\Toolbar.php(460): CodeIgniter\Debug\Toolbar->format(Array, 'html')
#3 C:\xampp\htdocs\cafein-master\app\Config\Events.php(48): CodeIgniter\Debug\Toolbar->respond()
#4 C:\xampp\htdocs\cafein-master\system\Events\Events.php(149): CodeIgniter\Events\Events::Config\{closure}()
#5 C:\xampp\htdocs\cafein-master\system\CodeIgniter.php(300): CodeIgniter\Events\Events::trigger('pre_system')
#6 C:\xampp\htdocs\cafein-master\index.php(37): CodeIgniter\CodeIgniter->run()
#7 {main}
ERROR - 2023-07-28 01:33:33 --> Table 'cafein.pembelian' doesn't exist
CRITICAL - 2023-07-28 01:33:33 --> Table 'cafein.pembelian' doesn't exist
#0 C:\xampp\htdocs\cafein-master\system\Database\MySQLi\Connection.php(292): mysqli->query('SELECT *\nFROM `...', 0)
#1 C:\xampp\htdocs\cafein-master\system\Database\BaseConnection.php(670): CodeIgniter\Database\MySQLi\Connection->execute('SELECT *\nFROM `...')
#2 C:\xampp\htdocs\cafein-master\system\Database\BaseConnection.php(598): CodeIgniter\Database\BaseConnection->simpleQuery('SELECT *\nFROM `...')
#3 C:\xampp\htdocs\cafein-master\system\Database\BaseBuilder.php(1443): CodeIgniter\Database\BaseConnection->query('SELECT *\nFROM `...', Array, false)
#4 C:\xampp\htdocs\cafein-master\system\Model.php(183): CodeIgniter\Database\BaseBuilder->get()
#5 C:\xampp\htdocs\cafein-master\system\BaseModel.php(584): CodeIgniter\Model->doFindAll(0, 0)
#6 C:\xampp\htdocs\cafein-master\app\Controllers\Laporan.php(33): CodeIgniter\BaseModel->findAll()
#7 C:\xampp\htdocs\cafein-master\system\CodeIgniter.php(824): App\Controllers\Laporan->laporanSemua()
#8 C:\xampp\htdocs\cafein-master\system\CodeIgniter.php(410): CodeIgniter\CodeIgniter->runController(Object(App\Controllers\Laporan))
#9 C:\xampp\htdocs\cafein-master\system\CodeIgniter.php(318): CodeIgniter\CodeIgniter->handleRequest(NULL, Object(Config\Cache), false)
#10 C:\xampp\htdocs\cafein-master\index.php(37): CodeIgniter\CodeIgniter->run()
#11 {main}
